*----------------------------------------------------------------------------------------
*	Innovus 18.10-p002_1 (64bit) 05/29/2018 19:19 (Linux 2.6.18-194.el5)
*	
*
* 	Date & Time:	2023-Nov-28 14:54:23 (2023-Nov-28 19:54:23 GMT)
*
*----------------------------------------------------------------------------------------
*
*	Design: MIPS32_CPU_top
*
*	Liberty Libraries used: 
*	        view_hold: /home/ead/yihui/ece6250/MIPS32_Pipeline_CPU_Chip_Design/work/p&r/final.enc.dat/libs/lib/typ/osu05_stdcells_expanded.tlf
*	        view_hold: /home/ead/yihui/ece6250/MIPS32_Pipeline_CPU_Chip_Design/work/p&r/final.enc.dat/libs/lib/typ/osu05_stdcells.tlf
*
*	Power Domain used: 
*
*       Power View : view_hold
*
*       User-Defined Activity : N.A.
*
*       Activity File: N.A.
*
*       Hierarchical Global Activity: N.A.
*
*       Global Activity: N.A.
*
*       Sequential Element Activity: 0.200000
*
*       Primary Input Activity: 0.200000
*
*       Default icg ratio: N.A.
*
*       Global Comb ClockGate Ratio: N.A.
*
*	Power Units = 1mW
*
*	Time Units = 1e-09 secs 
*
*       report_power -outfile post_route_power.rpt
*
-----------------------------------------------------------------------------------------


Total Power 
-----------------------------------------------------------------------------------------
Total Internal Power:      205.46467591 	   71.9131%
Total Switching Power:      80.24727855 	   28.0867%
Total Leakage Power:         0.00050016 	    0.0002%
Total Power:               285.71245198 
-----------------------------------------------------------------------------------------


Group                           Internal   Switching     Leakage       Total  Percentage 
                                Power      Power         Power         Power  (%)        
-----------------------------------------------------------------------------------------
Sequential                         152.5        18.5    0.000181         171       59.84 
Macro                                  0           0           0           0           0 
IO                                     0           0           0           0           0 
Combinational                         53       61.74   0.0003192       114.7       40.16 
Clock (Combinational)                  0           0           0           0           0 
Clock (Sequential)                     0           0           0           0           0 
-----------------------------------------------------------------------------------------
Total                              205.5       80.25   0.0005002       285.7         100 
-----------------------------------------------------------------------------------------


Rail                  Voltage   Internal   Switching     Leakage       Total  Percentage 
                                Power      Power         Power         Power  (%)        
-----------------------------------------------------------------------------------------
Default                     5      205.5       80.25   0.0005002       285.7         100 


-----------------------------------------------------------------------------------------
*	Power Distribution Summary: 
*                Highest Average Power:                     U7741 (INVX8):           0.5085 
*                Highest Leakage Power:        FE_PSBC239_test_se (CLKBUF1):        3.578e-07 
*          Total Cap:      6.60018e-10 F
*          Total instances in design:  4966
*          Total instances in design with no power:     0
*          Total instances in design with no activity:     0
*          Total Fillers and Decap:     0
-----------------------------------------------------------------------------------------

