@(#)$CDS: LVS version 6.1.7-64b 08/21/2018 19:40 (sjfhw315) $

Command line: /apps/vlsi_2018/cadence/IC617/tools.lnx86/dfII/bin/64bit/LVS -dir /home/ead/yihui/cadence/LVS -l -s -t /home/ead/yihui/cadence/LVS/layout /home/ead/yihui/cadence/LVS/schematic
Like matching is enabled.
Net swapping is enabled.
Using terminal names as correspondence points.
Compiling Diva LVS rules...

    Net-list summary for /home/ead/yihui/cadence/LVS/layout/netlist
       count
        30005           nets
        0               terminals
        30295           pmos
        30283           nmos

    Net-list summary for /home/ead/yihui/cadence/LVS/schematic/netlist
       count
        30005           nets
        71              terminals
        27115           pmos
        27115           nmos

Devices in the rules but not in the netlist:
        cap nfet pfet nmos4 pmos4

The net-lists match.

                             layout  schematic
                                instances
        un-matched              0       0      
        rewired                 0       0      
        size errors             0       0      
        pruned                  0       0      
        active                  60578   54230  
        total                   60578   54230  

                                  nets
        un-matched              0       0      
        merged                  0       0      
        pruned                  0       0      
        active                  30005   30005  
        total                   30005   30005  

                                terminals
        un-matched              0       0      
        matched but
        different type          0       0      
        total                   0       71     


Probe files from /home/ead/yihui/cadence/LVS/schematic

devbad.out:

netbad.out:

mergenet.out:

termbad.out:

prunenet.out:

prunedev.out:

audit.out:


Probe files from /home/ead/yihui/cadence/LVS/layout

devbad.out:

netbad.out:

mergenet.out:

termbad.out:

prunenet.out:

prunedev.out:

audit.out:
