@(#)$CDS: LVS version 6.1.7-64b 08/21/2018 19:40 (sjfhw315) $

Command line: /apps/vlsi_2018/cadence/IC617/tools.lnx86/dfII/bin/64bit/LVS -dir /home/ead/yihui/cadence/LVS -l -s -t /home/ead/yihui/cadence/LVS/layout /home/ead/yihui/cadence/LVS/schematic
Like matching is enabled.
Net swapping is enabled.
Using terminal names as correspondence points.
Compiling Diva LVS rules...

    Net-list summary for /home/ead/yihui/cadence/LVS/layout/netlist
       count
        22559           nets
        0               terminals
        22580           pmos
        22580           nmos

    Net-list summary for /home/ead/yihui/cadence/LVS/schematic/netlist
       count
        22559           nets
        69              terminals
        20681           pmos
        20681           nmos

Devices in the rules but not in the netlist:
        cap nfet pfet nmos4 pmos4

1 net-list ambiguity was resolved by random selection.

The net-lists match.

                             layout  schematic
                                instances
        un-matched              0       0      
        rewired                 0       0      
        size errors             0       0      
        pruned                  0       0      
        active                  45160   41362  
        total                   45160   41362  

                                  nets
        un-matched              0       0      
        merged                  0       0      
        pruned                  0       0      
        active                  22559   22559  
        total                   22559   22559  

                                terminals
        un-matched              0       0      
        matched but
        different type          0       0      
        total                   0       69     


Probe files from /home/ead/yihui/cadence/LVS/schematic

devbad.out:

netbad.out:

mergenet.out:

termbad.out:

prunenet.out:

prunedev.out:

audit.out:


Probe files from /home/ead/yihui/cadence/LVS/layout

devbad.out:

netbad.out:

mergenet.out:

termbad.out:

prunenet.out:

prunedev.out:

audit.out:
